<?xml version="1.0" encoding="UTF-8"?>
<!-- Generated by org.testng.reporters.JUnitXMLReporter -->
<testsuite ignored="0" hostname="HIPUNL131693" failures="0" tests="4" name="Test" time="0.132" errors="0" timestamp="2020-07-17T10:44:56 IST">
  <testcase classname="psvacademy.AppiumTest" name="IOSApps" time="0.012"/>
  <testcase classname="psvacademy.AppiumTest" name="NativeAppAndroid" time="0.0"/>
  <testcase classname="psvacademy.SeleniumTest" name="BrowserAutomation" time="0.001"/>
  <testcase classname="psvacademy.SeleniumTest" name="elementsUI" time="0.001"/>
</testsuite> <!-- Test -->
