<?xml version="1.0" encoding="UTF-8"?>
<testng-results ignored="0" total="4" passed="4" failed="0" skipped="0">
  <reporter-output>
  </reporter-output>
  <suite started-at="2020-07-17T10:44:56 IST" name="Suite" finished-at="2020-07-17T10:44:56 IST" duration-ms="132">
    <groups>
    </groups>
    <test started-at="2020-07-17T10:44:56 IST" name="Test" finished-at="2020-07-17T10:44:56 IST" duration-ms="132">
      <class name="psvacademy.SeleniumTest">
        <test-method signature="BrowserAutomation()[pri:0, instance:psvacademy.SeleniumTest@55040f2f]" started-at="2020-07-17T10:44:56 IST" name="BrowserAutomation" finished-at="2020-07-17T10:44:56 IST" duration-ms="1" status="PASS">
          <reporter-output>
          </reporter-output>
        </test-method> <!-- BrowserAutomation -->
        <test-method signature="elementsUI()[pri:0, instance:psvacademy.SeleniumTest@55040f2f]" started-at="2020-07-17T10:44:56 IST" name="elementsUI" finished-at="2020-07-17T10:44:56 IST" duration-ms="1" status="PASS">
          <reporter-output>
          </reporter-output>
        </test-method> <!-- elementsUI -->
      </class> <!-- psvacademy.SeleniumTest -->
      <class name="psvacademy.AppiumTest">
        <test-method signature="IOSApps()[pri:0, instance:psvacademy.AppiumTest@6ee12bac]" started-at="2020-07-17T10:44:56 IST" name="IOSApps" finished-at="2020-07-17T10:44:56 IST" duration-ms="12" status="PASS">
          <reporter-output>
          </reporter-output>
        </test-method> <!-- IOSApps -->
        <test-method signature="NativeAppAndroid()[pri:0, instance:psvacademy.AppiumTest@6ee12bac]" started-at="2020-07-17T10:44:56 IST" name="NativeAppAndroid" finished-at="2020-07-17T10:44:56 IST" duration-ms="0" status="PASS">
          <reporter-output>
          </reporter-output>
        </test-method> <!-- NativeAppAndroid -->
      </class> <!-- psvacademy.AppiumTest -->
    </test> <!-- Test -->
  </suite> <!-- Suite -->
</testng-results>
